#
# A fatal error has been detected by the Java Runtime Environment:
#
#  EXCEPTION_ACCESS_VIOLATION (0xc0000005) at pc=0x7df4768c, pid=3440, tid=2040
#
# JRE version: 6.0_17-b04
# Java VM: Java HotSpot(TM) Client VM (14.3-b01 mixed mode windows-x86 )
# Problematic frame:
# C  [mpath.dll+0x768c]
#
# If you would like to submit a bug report, please visit:
#   http://java.sun.com/webapps/bugreport/crash.jsp
# The crash happened outside the Java Virtual Machine in native code.
# See problematic frame for where to report the bug.
#

---------------  T H R E A D  ---------------

Current thread (0x0781b800):  JavaThread "main" [_thread_in_native, id=2040, stack(0x000d0000,0x008d0000)]

siginfo: ExceptionCode=0xc0000005, reading address 0xe9728e00

Registers:
EAX=0xe9728e00, EBX=0x00000000, ECX=0x2124dc08, EDX=0x00000000
ESP=0x008c3ccc, EBP=0x008c3ccc, ESI=0x2124dc08, EDI=0x008c41fc
EIP=0x7df4768c, EFLAGS=0x00010206

Top of Stack: (sp=0x008c3ccc)
0x008c3ccc:   008c41e4 7df44f7b 008c3ce0 008c478c
0x008c3cdc:   0a88a5e0 65646c00 735f6f6d 64707375
0x008c3cec:   6d2e7461 2e6e7500 7778656d 32003233
0x008c3cfc:   2e6e7500 7778656d 32003233 006d2e00
0x008c3d0c:   235d3988 04ae6690 77152f77 77b55b5b
0x008c3d1c:   00000008 04ae01a4 04ae0000 04ae6a20
0x008c3d2c:   008c3e4c 0f0a0077 000366a9 fffffffe
0x008c3d3c:   77152f77 77152e12 238a5624 149e0078 

Instructions: (pc=0x7df4768c)
0x7df4767c:   00 cc cc cc 55 8b ec 8b 41 1c 8b 51 0c 8b 40 08
0x7df4768c:   8b 14 90 53 8b 5d 08 56 8b f3 8a 02 88 06 42 46 


Stack: [0x000d0000,0x008d0000],  sp=0x008c3ccc,  free space=8143k
Native frames: (J=compiled Java code, j=interpreted, Vv=VM code, C=native code)
C  [mpath.dll+0x768c]
C  [mpath.dll+0x4f7b]
C  [mpath.dll+0x1c4fc]
C  [mpath.dll+0x20826]
C  [mpath.dll+0x209cb]
C  [mpath.dll+0x19d72]
C  [m_interpreter.dll+0x2ac5dd]
C  [m_interpreter.dll+0x2b6373]
C  [m_interpreter.dll+0x35a152]
C  [m_interpreter.dll+0x35a610]
C  [m_interpreter.dll+0x35adad]
C  [m_interpreter.dll+0x35b3a7]
C  0x73280493
C  0x732805d4
C  0x7327dab5
C  0x7327db53
j  com.mathworks.jmi.NativeMatlab.SendMatlabMessage(Ljava/lang/Object;)Ljava/lang/Object;+0
j  com.mathworks.jmi.NativeMatlab.sendMatlabMessage(Ljava/lang/Object;)Ljava/lang/Object;+22
j  com.mathworks.jmi.MatlabLooper.sendMatlabMessage(Lcom/mathworks/services/message/MWMessage;)Ljava/lang/Object;+20
j  com.mathworks.jmi.MatlabMCR.mtFindAllTabCompletions(Ljava/lang/String;I)[Ljava/lang/String;+62
j  com.mathworks.jmi.tabcompletion.TabCompletionImpl.getCompletionsFromMatlab(Ljava/lang/String;)Lcom/mathworks/jmi/tabcompletion/TabCompletionResults;+24
j  com.mathworks.jmi.tabcompletion.TabCompletionImpl.access$100(Lcom/mathworks/jmi/tabcompletion/TabCompletionImpl;Ljava/lang/String;)Lcom/mathworks/jmi/tabcompletion/TabCompletionResults;+2
j  com.mathworks.jmi.tabcompletion.TabCompletionImpl$1$1.run()V+18
j  com.mathworks.jmi.NativeMatlab.dispatchMTRequests(Z)V+57
v  ~StubRoutines::call_stub
V  [jvm.dll+0xecf9c]
V  [jvm.dll+0x1741d1]
V  [jvm.dll+0xed01d]
V  [jvm.dll+0xf5be5]
V  [jvm.dll+0xfd932]
C  [jmi.dll+0x1e462]
C  [jmi.dll+0x266e2]
C  [jmi.dll+0x26746]
C  [jmi.dll+0x444ee]
C  [jmi.dll+0x18f89]
C  [uiw.dll+0x4ac69]
C  [uiw.dll+0x4b1ae]
C  [USER32.dll+0x36d80]
C  [USER32.dll+0xe1a9]
C  [USER32.dll+0x1248f]
C  [ntdll.dll+0x46fce]
C  [uiw.dll+0x2d393]
C  [uiw.dll+0x2a450]
C  [libmwbridge.dll+0x938a]
C  [libmwbridge.dll+0xaa34]
C  [libmwbridge.dll+0xada1]
C  [libmwbridge.dll+0xb008]
C  [libmwbridge.dll+0xe83b]
C  [libmwbridge.dll+0xefe7]
C  [libmwbridge.dll+0xf3c6]
C  [mcr.dll+0x77283]
C  [mcr.dll+0x3f5c2]
C  [mcr.dll+0x5e425]
C  [mcr.dll+0x5e4a6]
C  [uiw.dll+0x4ac69]
C  [uiw.dll+0x4b1ae]
C  [USER32.dll+0x36d80]
C  [USER32.dll+0xe1a9]
C  [USER32.dll+0x1248f]
C  [ntdll.dll+0x46fce]
C  [uiw.dll+0x2cdf4]
C  [uiw.dll+0x2ce4f]
C  [uiw.dll+0x4c185]
C  [libmwservices.dll+0x95b67]
C  [libmwservices.dll+0x9657c]
C  [libmwservices.dll+0x97636]
C  [libmwservices.dll+0x989b5]
C  [libmwservices.dll+0x98b44]
C  [libmwservices.dll+0x98bb6]
C  [libmwservices.dll+0x98c22]
C  [mcr.dll+0x5f1ce]
C  [mcr.dll+0x5f426]
C  [mcr.dll+0x5f74c]
C  [mcr.dll+0x609c6]
C  [MATLAB.exe+0x94a2]
C  [MATLAB.exe+0x9baa]
C  [MATLAB.exe+0x9e13]
C  [MATLAB.exe+0xa31d]
C  [kernel32.dll+0x4ed6c]
C  [ntdll.dll+0x6377b]
C  [ntdll.dll+0x6374e]

Java frames: (J=compiled Java code, j=interpreted, Vv=VM code)
j  com.mathworks.jmi.NativeMatlab.SendMatlabMessage(Ljava/lang/Object;)Ljava/lang/Object;+0
j  com.mathworks.jmi.NativeMatlab.sendMatlabMessage(Ljava/lang/Object;)Ljava/lang/Object;+22
j  com.mathworks.jmi.MatlabLooper.sendMatlabMessage(Lcom/mathworks/services/message/MWMessage;)Ljava/lang/Object;+20
j  com.mathworks.jmi.MatlabMCR.mtFindAllTabCompletions(Ljava/lang/String;I)[Ljava/lang/String;+62
j  com.mathworks.jmi.tabcompletion.TabCompletionImpl.getCompletionsFromMatlab(Ljava/lang/String;)Lcom/mathworks/jmi/tabcompletion/TabCompletionResults;+24
j  com.mathworks.jmi.tabcompletion.TabCompletionImpl.access$100(Lcom/mathworks/jmi/tabcompletion/TabCompletionImpl;Ljava/lang/String;)Lcom/mathworks/jmi/tabcompletion/TabCompletionResults;+2
j  com.mathworks.jmi.tabcompletion.TabCompletionImpl$1$1.run()V+18
j  com.mathworks.jmi.NativeMatlab.dispatchMTRequests(Z)V+57
v  ~StubRoutines::call_stub

---------------  P R O C E S S  ---------------

Java Threads: ( => current thread )
  0x1f772800 JavaThread "Thread-13" [_thread_blocked, id=2496, stack(0x0a6f0000,0x0a770000)]
  0x1f773000 JavaThread "pool-5-thread-1" [_thread_blocked, id=2976, stack(0x0a5c0000,0x0a640000)]
  0x1f772400 JavaThread "Code Analyzer updating thread" [_thread_blocked, id=3784, stack(0x0a490000,0x0a510000)]
  0x0f0ac000 JavaThread "Prefs Updater" daemon [_thread_blocked, id=1992, stack(0x0a2e0000,0x0a360000)]
  0x0f0ac800 JavaThread "Timer-3" [_thread_blocked, id=3596, stack(0x215c0000,0x21640000)]
  0x0f0abc00 JavaThread "Active Reference Queue Daemon" daemon [_thread_blocked, id=3404, stack(0x208e0000,0x20960000)]
  0x0f0ab400 JavaThread "Timer-2" daemon [_thread_blocked, id=3612, stack(0x207c0000,0x20840000)]
  0x0f0ab000 JavaThread "Timer-1" daemon [_thread_blocked, id=3424, stack(0x205a0000,0x20620000)]
  0x0f0aa400 JavaThread "TimerQueue" daemon [_thread_blocked, id=2032, stack(0x204e0000,0x20560000)]
  0x0f0a9c00 JavaThread "FelixPackageAdmin" daemon [_thread_blocked, id=3640, stack(0x20640000,0x206c0000)]
  0x0f0a9800 JavaThread "FelixStartLevel" daemon [_thread_blocked, id=3408, stack(0x1e070000,0x1e0f0000)]
  0x0f0a9000 JavaThread "FelixDispatchQueue" daemon [_thread_blocked, id=3456, stack(0x20390000,0x20410000)]
  0x0f0ad400 JavaThread "AWT-EventQueue-0" [_thread_blocked, id=2144, stack(0x202c0000,0x20340000)]
  0x0fcdf000 JavaThread "com.google.common.base.internal.Finalizer" daemon [_thread_blocked, id=3400, stack(0x0e7b0000,0x0e830000)]
  0x0fd77000 JavaThread "AWT-Windows" daemon [_thread_in_native, id=3432, stack(0x0ff50000,0x0ffd0000)]
  0x0fd76000 JavaThread "AWT-Shutdown" [_thread_blocked, id=3436, stack(0x0fea0000,0x0ff20000)]
  0x0fdb4800 JavaThread "Java2D Disposer" daemon [_thread_blocked, id=3096, stack(0x08c00000,0x08c80000)]
  0x0fa5b800 JavaThread "Timer-0" [_thread_blocked, id=3416, stack(0x09f80000,0x0a000000)]
  0x0f92cc00 JavaThread "EventMgr Dispatcher" daemon [_thread_in_native, id=3412, stack(0x07010000,0x07810000)]
  0x078e2000 JavaThread "Low Memory Detector" daemon [_thread_blocked, id=3380, stack(0x096c0000,0x09740000)]
  0x078dd800 JavaThread "CompilerThread0" daemon [_thread_blocked, id=1124, stack(0x0dfb0000,0x0e7b0000)]
  0x078d3000 JavaThread "Attach Listener" daemon [_thread_blocked, id=2912, stack(0x082b0000,0x08330000)]
  0x07899800 JavaThread "Finalizer" daemon [_thread_blocked, id=2844, stack(0x08360000,0x083e0000)]
  0x07898400 JavaThread "Reference Handler" daemon [_thread_blocked, id=2728, stack(0x08c90000,0x08d10000)]
=>0x0781b800 JavaThread "main" [_thread_in_native, id=2040, stack(0x000d0000,0x008d0000)]

Other Threads:
  0x07895000 VMThread [stack: 0x0d780000,0x0df80000] [id=2920]
  0x078f4c00 WatcherThread [stack: 0x0e860000,0x0f060000] [id=3396]

VM state:not at safepoint (normal execution)

VM Mutex/Monitor currently owned by a thread: None

Heap
 def new generation   total 14784K, used 656K [0x10010000, 0x11010000, 0x12010000)
  eden space 13184K,   2% used [0x10010000, 0x1006bff0, 0x10cf0000)
  from space 1600K,  18% used [0x10e80000, 0x10ec8310, 0x11010000)
  to   space 1600K,   0% used [0x10cf0000, 0x10cf0000, 0x10e80000)
 tenured generation   total 49152K, used 43363K [0x12010000, 0x15010000, 0x18010000)
   the space 49152K,  88% used [0x12010000, 0x14a68c20, 0x14a68e00, 0x15010000)
 compacting perm gen  total 35840K, used 35798K [0x18010000, 0x1a310000, 0x1e010000)
   the space 35840K,  99% used [0x18010000, 0x1a305950, 0x1a305a00, 0x1a310000)
No shared spaces configured.

Dynamic libraries:
0x00f60000 - 0x00f8b000 	C:\Program Files\MATLAB\R2012a Student\bin\win32\MATLAB.exe
0x77100000 - 0x7723c000 	C:\Windows\SYSTEM32\ntdll.dll
0x76850000 - 0x76924000 	C:\Windows\system32\kernel32.dll
0x75360000 - 0x753ab000 	C:\Windows\system32\KERNELBASE.dll
0x7ef10000 - 0x7efc0000 	C:\Program Files\MATLAB\R2012a Student\bin\win32\libut.dll
0x7dce0000 - 0x7dd54000 	C:\Program Files\MATLAB\R2012a Student\bin\win32\libmwi18n.dll
0x10000000 - 0x10009000 	C:\Program Files\MATLAB\R2012a Student\bin\win32\libmwresource_core.dll
0x008f0000 - 0x0097e000 	C:\Windows\WinSxS\x86_microsoft.vc90.crt_1fc8b3b9a1e18e3b_9.0.30729.4940_none_50916076bcb9a742\MSVCP90.dll
0x00980000 - 0x00a23000 	C:\Windows\WinSxS\x86_microsoft.vc90.crt_1fc8b3b9a1e18e3b_9.0.30729.4940_none_50916076bcb9a742\MSVCR90.dll
0x736b0000 - 0x736d3000 	C:\Program Files\MATLAB\R2012a Student\bin\win32\boost_filesystem-vc90-mt-1_44.dll
0x73f70000 - 0x73f77000 	C:\Program Files\MATLAB\R2012a Student\bin\win32\boost_system-vc90-mt-1_44.dll
0x766e0000 - 0x76780000 	C:\Windows\system32\ADVAPI32.dll
0x756b0000 - 0x7575c000 	C:\Windows\system32\msvcrt.dll
0x769c0000 - 0x769d9000 	C:\Windows\SYSTEM32\sechost.dll
0x76ef0000 - 0x76f91000 	C:\Windows\system32\RPCRT4.dll
0x73550000 - 0x7356f000 	C:\Program Files\MATLAB\R2012a Student\bin\win32\LIBEXPAT.dll
0x72eb0000 - 0x73035000 	C:\Program Files\MATLAB\R2012a Student\bin\win32\icuin44.dll
0x7ea10000 - 0x7eb2f000 	C:\Program Files\MATLAB\R2012a Student\bin\win32\icuuc44.dll
0x00f90000 - 0x01dd1000 	C:\Program Files\MATLAB\R2012a Student\bin\win32\icudt44.dll
0x00b80000 - 0x00c57000 	C:\Program Files\MATLAB\R2012a Student\bin\win32\libmwfl.dll
0x73cd0000 - 0x73f3b000 	C:\Program Files\MATLAB\R2012a Student\bin\win32\libmwMATLAB_res.dll
0x00c80000 - 0x00c8e000 	C:\Program Files\MATLAB\R2012a Student\bin\win32\boost_date_time-vc90-mt-1_44.dll
0x73c80000 - 0x73c8f000 	C:\Program Files\MATLAB\R2012a Student\bin\win32\boost_signals-vc90-mt-1_44.dll
0x00cb0000 - 0x00cbe000 	C:\Program Files\MATLAB\R2012a Student\bin\win32\boost_thread-vc90-mt-1_44.dll
0x76e30000 - 0x76e5a000 	C:\Windows\system32\imagehlp.dll
0x77320000 - 0x77325000 	C:\Windows\system32\PSAPI.DLL
0x00cd0000 - 0x00cdf000 	C:\Program Files\MATLAB\R2012a Student\bin\win32\icuio44.dll
0x00cf0000 - 0x00ddb000 	C:\Windows\system32\dbghelp.dll
0x77240000 - 0x77309000 	C:\Windows\system32\USER32.dll
0x75800000 - 0x7584e000 	C:\Windows\system32\GDI32.dll
0x77310000 - 0x7731a000 	C:\Windows\system32\LPK.dll
0x767b0000 - 0x7684d000 	C:\Windows\system32\USP10.dll
0x01de0000 - 0x01fe6000 	C:\Program Files\MATLAB\R2012a Student\bin\win32\libmwservices.dll
0x7db50000 - 0x7dbda000 	C:\Program Files\MATLAB\R2012a Student\bin\win32\libmx.dll
0x73730000 - 0x73744000 	C:\Program Files\MATLAB\R2012a Student\bin\win32\zlib1.dll
0x00e10000 - 0x00e29000 	C:\Program Files\MATLAB\R2012a Student\bin\win32\libmwmfl_scalar.dll
0x7df40000 - 0x7df76000 	C:\Program Files\MATLAB\R2012a Student\bin\win32\mpath.dll
0x72990000 - 0x72d26000 	C:\Program Files\MATLAB\R2012a Student\bin\win32\mlutil.dll
0x00e60000 - 0x00ebc000 	C:\Program Files\MATLAB\R2012a Student\bin\win32\xmlcore.dll
0x71cf0000 - 0x71ea2000 	C:\Program Files\MATLAB\R2012a Student\bin\win32\xerces-c_2_7.dll
0x75760000 - 0x75795000 	C:\Windows\system32\WS2_32.dll
0x76ba0000 - 0x76ba6000 	C:\Windows\system32\NSI.dll
0x00ee0000 - 0x00ef5000 	C:\Program Files\MATLAB\R2012a Student\bin\win32\libmwMATLAB_settings_res.dll
0x00f10000 - 0x00f49000 	C:\Program Files\MATLAB\R2012a Student\bin\win32\boost_serialization-vc90-mt-1_44.dll
0x01ff0000 - 0x02023000 	C:\Program Files\MATLAB\R2012a Student\bin\win32\tbb.dll
0x75a90000 - 0x766da000 	C:\Windows\system32\SHELL32.dll
0x76dd0000 - 0x76e27000 	C:\Windows\system32\SHLWAPI.dll
0x02040000 - 0x020c4000 	C:\Windows\WinSxS\x86_microsoft.windows.common-controls_6595b64144ccf1df_5.82.7601.17514_none_ec83dffa859149af\COMCTL32.dll
0x76d50000 - 0x76dcb000 	C:\Windows\system32\COMDLG32.dll
0x73630000 - 0x73641000 	C:\Windows\system32\NETAPI32.dll
0x73620000 - 0x73629000 	C:\Windows\system32\netutils.dll
0x74dd0000 - 0x74de9000 	C:\Windows\system32\srvcli.dll
0x73610000 - 0x7361f000 	C:\Windows\system32\wkscli.dll
0x76fa0000 - 0x770fc000 	C:\Windows\system32\ole32.dll
0x76930000 - 0x769bf000 	C:\Windows\system32\OLEAUT32.dll
0x7f270000 - 0x7f396000 	C:\Program Files\MATLAB\R2012a Student\bin\win32\mcr.dll
0x7d4b0000 - 0x7d74f000 	C:\Program Files\MATLAB\R2012a Student\bin\win32\iqm.dll
0x020f0000 - 0x025fd000 	C:\Program Files\MATLAB\R2012a Student\bin\win32\m_interpreter.dll
0x02610000 - 0x0262c000 	C:\Program Files\MATLAB\R2012a Student\bin\win32\libmex.dll
0x02640000 - 0x026ba000 	C:\Program Files\MATLAB\R2012a Student\bin\win32\m_dispatcher.dll
0x7f130000 - 0x7f1ec000 	C:\Program Files\MATLAB\R2012a Student\bin\win32\boost_regex-vc90-mt-1_44.dll
0x026e0000 - 0x0273c000 	C:\Program Files\MATLAB\R2012a Student\bin\win32\profiler.dll
0x02750000 - 0x0296a000 	C:\Program Files\MATLAB\R2012a Student\bin\win32\libmwmathutil.dll
0x734f0000 - 0x73513000 	C:\Program Files\MATLAB\R2012a Student\bin\win32\libmwmathrng.dll
0x7c390000 - 0x7c427000 	C:\Program Files\MATLAB\R2012a Student\bin\win32\libmwmathcore.dll
0x7e000000 - 0x7e04b000 	C:\Program Files\MATLAB\R2012a Student\bin\win32\libmwspmatrix.dll
0x7dbf0000 - 0x7dc3b000 	C:\Program Files\MATLAB\R2012a Student\bin\win32\libmwcholmod.dll
0x029c0000 - 0x029ca000 	C:\Program Files\MATLAB\R2012a Student\bin\win32\libmwamd.dll
0x029e0000 - 0x029ea000 	C:\Program Files\MATLAB\R2012a Student\bin\win32\libmwcolamd.dll
0x02a00000 - 0x02a11000 	C:\Program Files\MATLAB\R2012a Student\bin\win32\libmwblas.dll
0x02a30000 - 0x02a3e000 	C:\Program Files\MATLAB\R2012a Student\bin\win32\libmwbinder.dll
0x02a50000 - 0x02a59000 	C:\Program Files\MATLAB\R2012a Student\bin\win32\libmwompwrapper.dll
0x02a70000 - 0x02aaa000 	C:\Program Files\MATLAB\R2012a Student\bin\win32\libmwlapack.dll
0x02ac0000 - 0x02ad5000 	C:\Program Files\MATLAB\R2012a Student\bin\win32\m_pcodeio.dll
0x7e080000 - 0x7e0ca000 	C:\Program Files\MATLAB\R2012a Student\bin\win32\m_ir.dll
0x02b00000 - 0x03039000 	C:\Program Files\MATLAB\R2012a Student\bin\win32\m_parser.dll
0x03050000 - 0x03062000 	C:\Program Files\MATLAB\R2012a Student\bin\win32\ir_xfmr.dll
0x03080000 - 0x03217000 	C:\Program Files\MATLAB\R2012a Student\bin\win32\mcos.dll
0x03230000 - 0x0323a000 	C:\Program Files\MATLAB\R2012a Student\bin\win32\mtok.dll
0x03250000 - 0x03274000 	C:\Program Files\MATLAB\R2012a Student\bin\win32\m_pcodegen.dll
0x7e1c0000 - 0x7e1ea000 	C:\Program Files\MATLAB\R2012a Student\bin\win32\libmwbridge.dll
0x032a0000 - 0x03332000 	C:\Program Files\MATLAB\R2012a Student\bin\win32\udd.dll
0x03350000 - 0x0345d000 	C:\Program Files\MATLAB\R2012a Student\bin\win32\libmwgui.dll
0x03470000 - 0x03482000 	C:\Program Files\MATLAB\R2012a Student\bin\win32\graphics_util.dll
0x034a0000 - 0x03adc000 	C:\Program Files\MATLAB\R2012a Student\bin\win32\hg.dll
0x03af0000 - 0x03b32000 	C:\Program Files\MATLAB\R2012a Student\bin\win32\libmat.dll
0x03b50000 - 0x03d35000 	C:\Program Files\MATLAB\R2012a Student\bin\win32\hdf5dll.dll
0x7d9d0000 - 0x7da51000 	C:\Program Files\MATLAB\R2012a Student\bin\win32\jmi.dll
0x03d60000 - 0x03d6b000 	C:\Program Files\MATLAB\R2012a Student\bin\win32\nativejava_services.dll
0x03d80000 - 0x03db2000 	C:\Program Files\MATLAB\R2012a Student\bin\win32\libmwhardcopy.dll
0x03dd0000 - 0x03e0f000 	C:\Program Files\MATLAB\R2012a Student\bin\win32\libuij.dll
0x03e20000 - 0x03f76000 	C:\Program Files\MATLAB\R2012a Student\bin\win32\hgdatatypes.dll
0x03f90000 - 0x04035000 	C:\Program Files\MATLAB\R2012a Student\bin\win32\hgutils.dll
0x04050000 - 0x040d6000 	C:\Program Files\MATLAB\R2012a Student\bin\win32\udd_mi.dll
0x040f0000 - 0x0411f000 	C:\Program Files\MATLAB\R2012a Student\bin\win32\libmwgbtutils.dll
0x04130000 - 0x04143000 	C:\Program Files\MATLAB\R2012a Student\bin\win32\libmwgbt.dll
0x04160000 - 0x043f7000 	C:\Program Files\MATLAB\R2012a Student\bin\win32\uiw.dll
0x04410000 - 0x0441d000 	C:\Program Files\MATLAB\R2012a Student\bin\win32\uinone.dll
0x71c70000 - 0x71c82000 	C:\Windows\system32\MPR.dll
0x04430000 - 0x047cc000 	C:\Windows\WinSxS\x86_microsoft.vc90.mfc_1fc8b3b9a1e18e3b_9.0.30729.1_none_dcc7eae99ad0d9cf\mfc90.dll
0x047d0000 - 0x047d5000 	C:\Windows\system32\MSIMG32.dll
0x71750000 - 0x717a1000 	C:\Windows\system32\WINSPOOL.DRV
0x047e0000 - 0x047f8000 	C:\Program Files\MATLAB\R2012a Student\bin\win32\mwoles05.DLL
0x04810000 - 0x04864000 	C:\Program Files\MATLAB\R2012a Student\bin\win32\comcli.dll
0x04880000 - 0x048aa000 	C:\Windows\WinSxS\x86_microsoft.vc90.atl_1fc8b3b9a1e18e3b_9.0.30729.1_none_e29d1181971ae11e\ATL90.DLL
0x048b0000 - 0x048b9000 	C:\Program Files\MATLAB\R2012a Student\bin\win32\mlautoregister.dll
0x048d0000 - 0x048dd000 	C:\Program Files\MATLAB\R2012a Student\bin\win32\boost_iostreams-vc90-mt-1_44.dll
0x76790000 - 0x767af000 	C:\Windows\system32\IMM32.DLL
0x75970000 - 0x75a3c000 	C:\Windows\system32\MSCTF.dll
0x75250000 - 0x7528c000 	C:\PROGRA~1\Sophos\SOPHOS~1\SOPHOS~1.DLL
0x04a20000 - 0x04a60000 	C:\Windows\system32\UxTheme.dll
0x73910000 - 0x73923000 	C:\Windows\system32\dwmapi.dll
0x04a70000 - 0x04a7d000 	C:\Windows\WinSxS\x86_microsoft.vc90.mfcloc_1fc8b3b9a1e18e3b_9.0.30729.1_none_da4695fc507e16e1\MFC90ENU.DLL
0x04aa0000 - 0x04abd000 	C:\Program Files\MATLAB\R2012a Student\bin\win32\tbbmalloc.dll
0x75290000 - 0x7529b000 	C:\Windows\system32\profapi.dll
0x04b70000 - 0x04b7d000 	C:\Program Files\MATLAB\R2012a Student\bin\win32\xmlxrcsc.dll
0x74b30000 - 0x74dbb000 	C:\Program Files\MATLAB\R2012a Student\sys\java\jre\win32\jre\bin\client\jvm.dll
0x717b0000 - 0x717e2000 	C:\Windows\system32\WINMM.dll
0x7d910000 - 0x7d966000 	C:\Program Files\MATLAB\R2012a Student\bin\win32\MSVCR71.dll
0x75150000 - 0x7519c000 	C:\Windows\system32\apphelp.dll
0x74810000 - 0x7482c000 	C:\Windows\system32\iphlpapi.dll
0x74800000 - 0x74807000 	C:\Windows\system32\WINNSI.DLL
0x04c20000 - 0x04c64000 	C:\Windows\system32\DNSAPI.dll
0x713b0000 - 0x713bd000 	C:\Windows\system32\dhcpcsvc6.DLL
0x746b0000 - 0x746c2000 	C:\Windows\system32\dhcpcsvc.DLL
0x751a0000 - 0x751ac000 	C:\Windows\system32\CRYPTBASE.dll
0x75330000 - 0x75357000 	C:\Windows\system32\CFGMGR32.dll
0x04c90000 - 0x04c9c000 	C:\Program Files\MATLAB\R2012a Student\sys\java\jre\win32\jre\bin\verify.dll

VM Arguments:
jvm_args: -Xss512k -XX:PermSize=32m -Xms64m -XX:NewRatio=3 -XX:MaxPermSize=96m -Xmx128m -XX:MaxDirectMemorySize=1200000000 -Dsun.java2d.noddraw=true -Dsun.awt.nopixfmt=true -Xshare:off -Xrs -Dsun.awt.disableMixing=true -Djava.library.path=C:\Program Files\MATLAB\R2012a Student\bin\win32 vfprintf abort 
java_command: <unknown>
Launcher Type: generic

Environment Variables:
PATH=C:\Apps\MATLAB7\bin\win32;C:\Python27\Lib\site-packages\PyQt4;C:\Windows\system32;C:\Windows;C:\Windows\System32\Wbem;C:\Windows\System32\WindowsPowerShell\v1.0\;C:\Apps\MATLAB7\bin\win32;C:\Program Files\Bazaar;C:\Program Files\Data Translation\Win32\SDK;C:\Program Files\MATLAB\R2012a Student\bin;C:\Python27;C:\Python27\Scripts
USERNAME=sshanbhag
OS=Windows_NT
PROCESSOR_IDENTIFIER=x86 Family 6 Model 26 Stepping 5, GenuineIntel



---------------  S Y S T E M  ---------------

OS: Windows 7 Build 7601 Service Pack 1

CPU:total 1 (1 cores per cpu, 1 threads per core) family 6 model 26 stepping 5, cmov, cx8, fxsr, mmx, sse, sse2, sse3, ssse3

Memory: 4k page, physical 3669560k(2680016k free), swap 4194303k(4194303k free)

vm_info: Java HotSpot(TM) Client VM (14.3-b01) for windows-x86 JRE (1.6.0_17-b04), built on Oct 11 2009 00:52:06 by "java_re" with MS VC++ 7.1

time: Wed Mar 06 17:43:48 2013
elapsed time: 2272 seconds

